<?xml version="1.0" encoding="UTF-8"?>
<testsuite name="testClean.BasicNote" tests="1" skipped="0" failures="0" errors="0" timestamp="2020-10-10T01:17:07" hostname="DESKTOP-M79QRFI" time="49.783">
  <properties/>
  <testcase name="verifyAddNote" classname="testClean.BasicNote" time="49.783"/>
  <system-out><![CDATA[]]></system-out>
  <system-err><![CDATA[oct 09, 2020 9:17:34 PM io.appium.java_client.remote.AppiumCommandExecutor$1 lambda$0
INFORMACIÓN: Detected dialect: W3C
]]></system-err>
</testsuite>
